0 info it worked if it ends with ok
1 verbose cli [ 'node', '/usr/local/bin/npm', 'run', 'data' ]
2 info using npm@2.7.5
3 info using node@v0.12.2
4 verbose node symlink /usr/local/bin/node
5 verbose run-script [ 'predata', 'data', 'postdata' ]
6 info predata FBLawOffice@1.0.0
7 info data FBLawOffice@1.0.0
8 verbose unsafe-perm in lifecycle true
9 info FBLawOffice@1.0.0 Failed to exec data script
10 verbose stack Error: FBLawOffice@1.0.0 data: `node server/server.js`
10 verbose stack Exit status 1
10 verbose stack     at EventEmitter.<anonymous> (/usr/local/lib/node_modules/npm/lib/utils/lifecycle.js:213:16)
10 verbose stack     at EventEmitter.emit (events.js:110:17)
10 verbose stack     at ChildProcess.<anonymous> (/usr/local/lib/node_modules/npm/lib/utils/spawn.js:14:12)
10 verbose stack     at ChildProcess.emit (events.js:110:17)
10 verbose stack     at maybeClose (child_process.js:1015:16)
10 verbose stack     at Process.ChildProcess._handle.onexit (child_process.js:1087:5)
11 verbose pkgid FBLawOffice@1.0.0
12 verbose cwd /Users/edmond/developer/projects/FBLawOffice
13 error Darwin 15.2.0
14 error argv "node" "/usr/local/bin/npm" "run" "data"
15 error node v0.12.2
16 error npm  v2.7.5
17 error code ELIFECYCLE
18 error FBLawOffice@1.0.0 data: `node server/server.js`
18 error Exit status 1
19 error Failed at the FBLawOffice@1.0.0 data script 'node server/server.js'.
19 error This is most likely a problem with the FBLawOffice package,
19 error not with npm itself.
19 error Tell the author that this fails on your system:
19 error     node server/server.js
19 error You can get their info via:
19 error     npm owner ls FBLawOffice
19 error There is likely additional logging output above.
20 verbose exit [ 1, true ]
